android/app/build/intermediates/manifest_merge_blame_file/debug/manifest-merger-blame-debug-report.txt
1<?xml version="1.0" encoding="utf-8"?>
2<manifest xmlns:android="http://schemas.android.com/apk/res/android"
3    package="com.example.flutter_merger"
4    android:versionCode="1"
5    android:versionName="1.0" >
6
7    <uses-sdk
8        android:minSdkVersion="21"
9        android:targetSdkVersion="33" />
10    <!--
11         The INTERNET permission is required for development. Specifically,
12         the Flutter tool needs it to communicate with the running application
13         to allow setting breakpoints, to provide hot reload, etc.
14    -->
15    <uses-permission android:name="android.permission.INTERNET" />
15-->src/debug/AndroidManifest.xml:6:5-66
15-->src/debug/AndroidManifest.xml:6:22-64
16    <uses-permission android:name="android.permission.ACCESS_WIFI_STATE" />
16-->[com.facebook.flipper:flipper:0.182.0] AndroidManifest.xml:16:5-76
16-->[com.facebook.flipper:flipper:0.182.0] AndroidManifest.xml:16:22-73
17
18    <permission
18-->[androidx.core:core:1.9.0] AndroidManifest.xml:22:5-24:47
19        android:name="com.example.flutter_merger.DYNAMIC_RECEIVER_NOT_EXPORTED_PERMISSION"
19-->[androidx.core:core:1.9.0] AndroidManifest.xml:23:9-81
20        android:protectionLevel="signature" />
20-->[androidx.core:core:1.9.0] AndroidManifest.xml:24:9-44
21
22    <uses-permission android:name="com.example.flutter_merger.DYNAMIC_RECEIVER_NOT_EXPORTED_PERMISSION" />
22-->[androidx.core:core:1.9.0] AndroidManifest.xml:26:5-97
22-->[androidx.core:core:1.9.0] AndroidManifest.xml:26:22-94
23
24    <application
24-->src/main/AndroidManifest.xml:4:5-50:19
25        android:name="com.example.flutter_merger.hello"
25-->src/main/AndroidManifest.xml:5:9-29
26        android:appComponentFactory="androidx.core.app.CoreComponentFactory"
26-->[androidx.core:core:1.9.0] AndroidManifest.xml:28:18-86
27        android:debuggable="true"
28        android:icon="@mipmap/ic_launcher"
28-->src/main/AndroidManifest.xml:6:9-43
29        android:label="flutter_merger"
29-->src/main/AndroidManifest.xml:7:9-39
30        android:testOnly="true" >
31        <activity
31-->src/main/AndroidManifest.xml:8:9-12:52
32            android:name="com.example.flutter_merger.FlutterActivity"
32-->src/main/AndroidManifest.xml:9:13-44
33            android:exported="false"
33-->src/main/AndroidManifest.xml:10:13-37
34            android:label="@string/title_activity_flutter"
34-->src/main/AndroidManifest.xml:11:13-59
35            android:theme="@style/Theme.Android" />
35-->src/main/AndroidManifest.xml:12:13-49
36        <activity
36-->src/main/AndroidManifest.xml:13:9-17:52
37            android:name="com.example.flutter_merger.RNActivity"
37-->src/main/AndroidManifest.xml:14:13-39
38            android:exported="false"
38-->src/main/AndroidManifest.xml:15:13-37
39            android:label="@string/title_activity_rnactivity"
39-->src/main/AndroidManifest.xml:16:13-62
40            android:theme="@style/Theme.Android" />
40-->src/main/AndroidManifest.xml:17:13-49
41        <activity
41-->src/main/AndroidManifest.xml:18:9-42:20
42            android:name="com.example.flutter_merger.MainActivity"
42-->src/main/AndroidManifest.xml:19:13-41
43            android:configChanges="orientation|keyboardHidden|keyboard|screenSize|smallestScreenSize|locale|layoutDirection|fontScale|screenLayout|density|uiMode"
43-->src/main/AndroidManifest.xml:20:13-163
44            android:exported="true"
44-->src/main/AndroidManifest.xml:21:13-36
45            android:hardwareAccelerated="true"
45-->src/main/AndroidManifest.xml:22:13-47
46            android:launchMode="singleTop"
46-->src/main/AndroidManifest.xml:23:13-43
47            android:theme="@style/LaunchTheme"
47-->src/main/AndroidManifest.xml:24:13-47
48            android:windowSoftInputMode="adjustResize" >
48-->src/main/AndroidManifest.xml:25:13-55
49
50            <!--
51                 Specifies an Android theme to apply to this Activity as soon as
52                 the Android process has started. This theme is visible to the user
53                 while the Flutter UI initializes. After that, this theme continues
54                 to determine the Window background behind the Flutter UI.
55            -->
56            <meta-data
56-->src/main/AndroidManifest.xml:33:13-35:57
57                android:name="io.flutter.embedding.android.NormalTheme"
57-->src/main/AndroidManifest.xml:34:17-72
58                android:resource="@style/NormalTheme" />
58-->src/main/AndroidManifest.xml:35:17-54
59
60            <intent-filter>
60-->src/main/AndroidManifest.xml:37:13-41:29
61                <action android:name="android.intent.action.MAIN" />
61-->src/main/AndroidManifest.xml:38:17-69
61-->src/main/AndroidManifest.xml:38:25-66
62
63                <category android:name="android.intent.category.LAUNCHER" />
63-->src/main/AndroidManifest.xml:40:17-77
63-->src/main/AndroidManifest.xml:40:27-74
64            </intent-filter>
65        </activity>
66        <!--
67 Don't delete the meta-data below.
68             This is used by the Flutter tool to generate GeneratedPluginRegistrant.java
69        -->
70        <meta-data
70-->src/main/AndroidManifest.xml:47:9-49:33
71            android:name="flutterEmbedding"
71-->src/main/AndroidManifest.xml:48:13-44
72            android:value="2" />
72-->src/main/AndroidManifest.xml:49:13-30
73
74        <activity
74-->[androidx.compose.ui:ui-test-manifest:1.4.0] AndroidManifest.xml:23:9-25:39
75            android:name="androidx.activity.ComponentActivity"
75-->[androidx.compose.ui:ui-test-manifest:1.4.0] AndroidManifest.xml:24:13-63
76            android:exported="true" />
76-->[androidx.compose.ui:ui-test-manifest:1.4.0] AndroidManifest.xml:25:13-36
77        <activity
77-->[androidx.compose.ui:ui-tooling:1.4.0] AndroidManifest.xml:23:9-25:39
78            android:name="androidx.compose.ui.tooling.PreviewActivity"
78-->[androidx.compose.ui:ui-tooling:1.4.0] AndroidManifest.xml:24:13-71
79            android:exported="true" />
79-->[androidx.compose.ui:ui-tooling:1.4.0] AndroidManifest.xml:25:13-36
80
81        <provider
81-->[androidx.emoji2:emoji2:1.3.0] AndroidManifest.xml:24:9-32:20
82            android:name="androidx.startup.InitializationProvider"
82-->[androidx.emoji2:emoji2:1.3.0] AndroidManifest.xml:25:13-67
83            android:authorities="com.example.flutter_merger.androidx-startup"
83-->[androidx.emoji2:emoji2:1.3.0] AndroidManifest.xml:26:13-68
84            android:exported="false" >
84-->[androidx.emoji2:emoji2:1.3.0] AndroidManifest.xml:27:13-37
85            <meta-data
85-->[androidx.emoji2:emoji2:1.3.0] AndroidManifest.xml:29:13-31:52
86                android:name="androidx.emoji2.text.EmojiCompatInitializer"
86-->[androidx.emoji2:emoji2:1.3.0] AndroidManifest.xml:30:17-75
87                android:value="androidx.startup" />
87-->[androidx.emoji2:emoji2:1.3.0] AndroidManifest.xml:31:17-49
88            <meta-data
88-->[androidx.lifecycle:lifecycle-process:2.6.2] AndroidManifest.xml:29:13-31:52
89                android:name="androidx.lifecycle.ProcessLifecycleInitializer"
89-->[androidx.lifecycle:lifecycle-process:2.6.2] AndroidManifest.xml:30:17-78
90                android:value="androidx.startup" />
90-->[androidx.lifecycle:lifecycle-process:2.6.2] AndroidManifest.xml:31:17-49
91            <meta-data
91-->[androidx.profileinstaller:profileinstaller:1.3.0] AndroidManifest.xml:29:13-31:52
92                android:name="androidx.profileinstaller.ProfileInstallerInitializer"
92-->[androidx.profileinstaller:profileinstaller:1.3.0] AndroidManifest.xml:30:17-85
93                android:value="androidx.startup" />
93-->[androidx.profileinstaller:profileinstaller:1.3.0] AndroidManifest.xml:31:17-49
94        </provider>
95
96        <uses-library
96-->[androidx.window:window:1.0.0] AndroidManifest.xml:25:9-27:40
97            android:name="androidx.window.extensions"
97-->[androidx.window:window:1.0.0] AndroidManifest.xml:26:13-54
98            android:required="false" />
98-->[androidx.window:window:1.0.0] AndroidManifest.xml:27:13-37
99        <uses-library
99-->[androidx.window:window:1.0.0] AndroidManifest.xml:28:9-30:40
100            android:name="androidx.window.sidecar"
100-->[androidx.window:window:1.0.0] AndroidManifest.xml:29:13-51
101            android:required="false" />
101-->[androidx.window:window:1.0.0] AndroidManifest.xml:30:13-37
102
103        <receiver
103-->[androidx.profileinstaller:profileinstaller:1.3.0] AndroidManifest.xml:34:9-52:20
104            android:name="androidx.profileinstaller.ProfileInstallReceiver"
104-->[androidx.profileinstaller:profileinstaller:1.3.0] AndroidManifest.xml:35:13-76
105            android:directBootAware="false"
105-->[androidx.profileinstaller:profileinstaller:1.3.0] AndroidManifest.xml:36:13-44
106            android:enabled="true"
106-->[androidx.profileinstaller:profileinstaller:1.3.0] AndroidManifest.xml:37:13-35
107            android:exported="true"
107-->[androidx.profileinstaller:profileinstaller:1.3.0] AndroidManifest.xml:38:13-36
108            android:permission="android.permission.DUMP" >
108-->[androidx.profileinstaller:profileinstaller:1.3.0] AndroidManifest.xml:39:13-57
109            <intent-filter>
109-->[androidx.profileinstaller:profileinstaller:1.3.0] AndroidManifest.xml:40:13-42:29
110                <action android:name="androidx.profileinstaller.action.INSTALL_PROFILE" />
110-->[androidx.profileinstaller:profileinstaller:1.3.0] AndroidManifest.xml:41:17-91
110-->[androidx.profileinstaller:profileinstaller:1.3.0] AndroidManifest.xml:41:25-88
111            </intent-filter>
112            <intent-filter>
112-->[androidx.profileinstaller:profileinstaller:1.3.0] AndroidManifest.xml:43:13-45:29
113                <action android:name="androidx.profileinstaller.action.SKIP_FILE" />
113-->[androidx.profileinstaller:profileinstaller:1.3.0] AndroidManifest.xml:44:17-85
113-->[androidx.profileinstaller:profileinstaller:1.3.0] AndroidManifest.xml:44:25-82
114            </intent-filter>
115            <intent-filter>
115-->[androidx.profileinstaller:profileinstaller:1.3.0] AndroidManifest.xml:46:13-48:29
116                <action android:name="androidx.profileinstaller.action.SAVE_PROFILE" />
116-->[androidx.profileinstaller:profileinstaller:1.3.0] AndroidManifest.xml:47:17-88
116-->[androidx.profileinstaller:profileinstaller:1.3.0] AndroidManifest.xml:47:25-85
117            </intent-filter>
118            <intent-filter>
118-->[androidx.profileinstaller:profileinstaller:1.3.0] AndroidManifest.xml:49:13-51:29
119                <action android:name="androidx.profileinstaller.action.BENCHMARK_OPERATION" />
119-->[androidx.profileinstaller:profileinstaller:1.3.0] AndroidManifest.xml:50:17-95
119-->[androidx.profileinstaller:profileinstaller:1.3.0] AndroidManifest.xml:50:25-92
120            </intent-filter>
121        </receiver>
122
123        <meta-data
123-->[com.facebook.soloader:soloader:0.10.5] AndroidManifest.xml:12:9-14:37
124            android:name="com.facebook.soloader.enabled"
124-->[com.facebook.soloader:soloader:0.10.5] AndroidManifest.xml:13:13-57
125            android:value="false" />
125-->[com.facebook.soloader:soloader:0.10.5] AndroidManifest.xml:14:13-34
126    </application>
127
128</manifest>